0 info it worked if it ends with ok
1 verbose cli [ 'node', '/usr/local/bin/npm', 'publish' ]
2 info using npm@2.11.2
3 info using node@v0.12.5
4 verbose publish [ '.' ]
5 silly cache add args [ '.', null ]
6 verbose cache add spec .
7 silly cache add parsed spec { raw: '.',
7 silly cache add   scope: null,
7 silly cache add   name: null,
7 silly cache add   rawSpec: '.',
7 silly cache add   spec: '/Users/alan.soares/dev/blocks',
7 silly cache add   type: 'directory' }
8 verbose addLocalDirectory /Users/alan.soares/.npm/blocks/0.1.0/package.tgz not in flight; packing
9 verbose tar pack [ '/Users/alan.soares/.npm/blocks/0.1.0/package.tgz',
9 verbose tar pack   '/Users/alan.soares/dev/blocks' ]
10 verbose tarball /Users/alan.soares/.npm/blocks/0.1.0/package.tgz
11 verbose folder /Users/alan.soares/dev/blocks
12 info prepublish blocks@0.1.0
13 verbose addLocalTarball adding from inside cache /Users/alan.soares/.npm/blocks/0.1.0/package.tgz
14 silly cache afterAdd blocks@0.1.0
15 verbose afterAdd /Users/alan.soares/.npm/blocks/0.1.0/package/package.json not in flight; writing
16 verbose afterAdd /Users/alan.soares/.npm/blocks/0.1.0/package/package.json written
17 silly publish { name: 'blocks',
17 silly publish   version: '0.1.0',
17 silly publish   description: 'Micro react-like, redux-compatible, plain js library for event-driven ui components',
17 silly publish   main: 'index.js',
17 silly publish   scripts:
17 silly publish    { build: 'babel src/blocks.js -o build/index.js',
17 silly publish      'build-bower': 'babel --plugins transform-es2015-modules-umd src/blocks.js -o build/index.umd.js' },
17 silly publish   repository:
17 silly publish    { type: 'git',
17 silly publish      url: 'git+https://github.com/alanrsoares/blocks.git' },
17 silly publish   keywords: [ 'UI', 'React', 'Redux', 'Components' ],
17 silly publish   author: { name: 'github.com/alanrsoares' },
17 silly publish   license: 'MIT',
17 silly publish   bugs: { url: 'https://github.com/alanrsoares/blocks/issues' },
17 silly publish   homepage: 'https://github.com/alanrsoares/blocks#readme',
17 silly publish   devDependencies:
17 silly publish    { 'babel-core': '^6.3.26',
17 silly publish      'babel-plugin-transform-es2015-modules-umd': '^6.3.13',
17 silly publish      'babel-preset-es2015': '^6.3.13',
17 silly publish      'babel-preset-stage-2': '^6.3.13' },
17 silly publish   readme: '# blocks `[WIP]`\nMicro react-like, redux-compatible, plain JS library for event-driven ui components\n\n* minimal\n* standard\n* pure ES2015\n\n## Examples\n\n> A simple component\n\n```javascript\nimport { $, mount, h, t, Component } from \'blocks\'\n\nconst hello = (name) =>\n  h(\'span\', {}, [ t(`Hello, ${ name }!`) ])\n\nclass Hello extends Component {\n  render({ name }) {\n    return hello(name)\n  }\n}\n\nmount(Hello, $(\'#helloContainer\'), { name: \'John Doe\' })\n\n```\n\n> A component with lifecycle callbacks\n\n```javascript\nimport { h, t, Component } from \'blocks\'\n\nclass Counter extends Component {\n  increase() {\n    this.setState({ count: this.state.count + 1 })\n  }\n\n  decrease() {\n    this.setState({ count: this.state.count - 1 })\n  }\n\n  render({ count }) {\n    return h(\'span\', {\n      class: \'ribbon\'\n    }, [ t(count) ])\n  }\n}\n\nmount(Hello, $(\'#counterContainer\'), { count: 42 })\n\n```\n\n> A slightly complex counter\n\nCheck out a [live exmaple](http://jsbin.com/faquhizoxi/edit?js,output) (hit `Run with JS`)\n\n```javascript\nimport { h, t, Component } from \'blocks\'\n\nconst ARROW_KEYS = {\n  UP: 38,\n  DOWN: 40\n}\n\nconst button = (label, onClick) =>\n  h(\'button\', { onClick }, [t(label)])\n\nconst counter = (n = 0) =>\n  h(\'div\', {\n    class: \'counter\',\n    style: `\n      color: ${ n > 0 ? \'#3c3\' : \'#c33\' };\n      background: ${ n > 0 ? \'#cfc\' : \'#fcc\' };\n    `\n  }, [t(n)])\n\nconst headsOrTails = () => Math.random() < .5\n\nclass CounterApp extends Component {\n  onMount() {\n    document.addEventListener(\'keyup\', (e) => {\n      switch(e.which) {\n        case ARROW_KEYS.UP:\n          this.increase()\n          break\n        case ARROW_KEYS.DOWN:\n          this.decrease()\n          break\n      }\n    })\n\n    this.state.interval = setInterval(this.tick.bind(this), 1000)\n  }\n\n  onUnmount() {\n    this.state.interval = clearInterval(this.state.interval)\n  }\n\n  increase() {\n    this.setState({ count: this.state.count + 1})\n  }\n\n  decrease() {\n    this.setState({ count: this.state.count - 1})    \n  }\n\n  tick() {\n    return headsOrTails() ? this.increase() : this.decrease()\n  }\n\n  render({ count }) {\n    return h(\'div\', { class: \'app\' }, [\n      button(\'-\', this.decrease.bind(this)),\n      counter(count),\n      button(\'+\', this.increase.bind(this))\n    ])\n  }\n}\n\nmount(CounterApp, $(\'#appContainer\'), { count: 10 })\n```\n',
17 silly publish   readmeFilename: 'README.md',
17 silly publish   gitHead: '633ba6c572bd4b1a711fef55f9a58beed4b71fd2',
17 silly publish   _id: 'blocks@0.1.0',
17 silly publish   _shasum: '0b5537887013f22e0179ff9544f5f59904297048',
17 silly publish   _from: '.' }
18 verbose getPublishConfig undefined
19 silly mapToRegistry name blocks
20 silly mapToRegistry using default registry
21 silly mapToRegistry registry https://registry.npmjs.org/
22 silly mapToRegistry uri https://registry.npmjs.org/blocks
23 verbose publish registryBase https://registry.npmjs.org/
24 silly publish uploading /Users/alan.soares/.npm/blocks/0.1.0/package.tgz
25 verbose request uri https://registry.npmjs.org/blocks
26 verbose request sending authorization for write operation
27 info attempt registry request try #1 at 2:32:36 PM
28 verbose request using bearer token for auth
29 verbose request id 99405e2652ad9ccb
30 http request PUT https://registry.npmjs.org/blocks
31 http 403 https://registry.npmjs.org/blocks
32 verbose headers { 'content-type': 'application/json',
32 verbose headers   'cache-control': 'max-age=300',
32 verbose headers   'content-length': '98',
32 verbose headers   'accept-ranges': 'bytes',
32 verbose headers   date: 'Wed, 06 Jan 2016 01:32:36 GMT',
32 verbose headers   via: '1.1 varnish',
32 verbose headers   connection: 'keep-alive',
32 verbose headers   'x-served-by': 'cache-akl6421-AKL',
32 verbose headers   'x-cache': 'MISS',
32 verbose headers   'x-cache-hits': '0',
32 verbose headers   'x-timer': 'S1452043956.496765,VS0,VE381' }
33 verbose request invalidating /Users/alan.soares/.npm/registry.npmjs.org/blocks on PUT
34 error publish Failed PUT 403
35 verbose stack Error: You do not have permission to publish 'blocks'. Are you logged in as the correct user? : blocks
35 verbose stack     at CachingRegistryClient.<anonymous> (/usr/local/lib/node_modules/npm/node_modules/npm-registry-client/lib/request.js:247:14)
35 verbose stack     at Request._callback (/usr/local/lib/node_modules/npm/node_modules/npm-registry-client/lib/request.js:170:14)
35 verbose stack     at Request.self.callback (/usr/local/lib/node_modules/npm/node_modules/request/request.js:354:22)
35 verbose stack     at Request.emit (events.js:110:17)
35 verbose stack     at Request.<anonymous> (/usr/local/lib/node_modules/npm/node_modules/request/request.js:1207:14)
35 verbose stack     at Request.emit (events.js:129:20)
35 verbose stack     at IncomingMessage.<anonymous> (/usr/local/lib/node_modules/npm/node_modules/request/request.js:1153:12)
35 verbose stack     at IncomingMessage.emit (events.js:129:20)
35 verbose stack     at _stream_readable.js:908:16
35 verbose stack     at process._tickCallback (node.js:355:11)
36 verbose statusCode 403
37 verbose pkgid blocks
38 verbose cwd /Users/alan.soares/dev/blocks
39 error Darwin 14.5.0
40 error argv "node" "/usr/local/bin/npm" "publish"
41 error node v0.12.5
42 error npm  v2.11.2
43 error code E403
44 error You do not have permission to publish 'blocks'. Are you logged in as the correct user? : blocks
45 error If you need help, you may report this error at:
45 error     <https://github.com/npm/npm/issues>
46 verbose exit [ 1, true ]
